<?xml version="1.0" encoding="UTF-8"?>
<!-- Generated by org.testng.reporters.JUnitReportReporter -->
<testsuite hostname="Sharadhas-MacBook-Pro.local" failures="1" tests="1" name="com.example.poc.VisionIndicatorTest" time="7.411" errors="0" timestamp="2025-04-05T17:14:39 EDT" skipped="0">
  <testcase classname="com.example.poc.VisionIndicatorTest" name="verifyVision" time="7.411">
    <failure message="Locator expected to be enabled
Call log:
  - Locator.expect with timeout 5000ms
  - waiting for getByRole(AriaRole.LISTITEM).filter(new Locator.FilterOptions().setHasText(&quot;Line Chart&quot;)).getByLabel(&quot;Line Chart&quot;)" type="org.opentest4j.AssertionFailedError">
      <![CDATA[org.opentest4j.AssertionFailedError: Locator expected to be enabled
Call log:
  - Locator.expect with timeout 5000ms
  - waiting for getByRole(AriaRole.LISTITEM).filter(new Locator.FilterOptions().setHasText("Line Chart")).getByLabel("Line Chart")
at com.microsoft.playwright.impl.AssertionsBase.expectImpl(AssertionsBase.java:69)
at com.microsoft.playwright.impl.AssertionsBase.expectImpl(AssertionsBase.java:50)
at com.microsoft.playwright.impl.LocatorAssertionsImpl.expectTrue(LocatorAssertionsImpl.java:445)
at com.microsoft.playwright.impl.LocatorAssertionsImpl.isEnabled(LocatorAssertionsImpl.java:413)
at com.microsoft.playwright.assertions.LocatorAssertions.isEnabled(LocatorAssertions.java:703)
at com.example.poc.VisionIndicatorTest.verifyVision(VisionIndicatorTest.java:43)
at java.base/jdk.internal.reflect.NativeMethodAccessorImpl.invoke0(Native Method)
at java.base/jdk.internal.reflect.NativeMethodAccessorImpl.invoke(NativeMethodAccessorImpl.java:77)
at java.base/jdk.internal.reflect.DelegatingMethodAccessorImpl.invoke(DelegatingMethodAccessorImpl.java:43)
at java.base/java.lang.reflect.Method.invoke(Method.java:568)
at org.testng.internal.invokers.MethodInvocationHelper.invokeMethod(MethodInvocationHelper.java:139)
at org.testng.internal.invokers.TestInvoker.invokeMethod(TestInvoker.java:677)
at org.testng.internal.invokers.TestInvoker.invokeTestMethod(TestInvoker.java:221)
at org.testng.internal.invokers.MethodRunner.runInSequence(MethodRunner.java:50)
at org.testng.internal.invokers.TestInvoker$MethodInvocationAgent.invoke(TestInvoker.java:969)
at org.testng.internal.invokers.TestInvoker.invokeTestMethods(TestInvoker.java:194)
at org.testng.internal.invokers.TestMethodWorker.invokeTestMethods(TestMethodWorker.java:148)
at org.testng.internal.invokers.TestMethodWorker.run(TestMethodWorker.java:128)
at java.base/java.util.ArrayList.forEach(ArrayList.java:1511)
at org.testng.TestRunner.privateRun(TestRunner.java:829)
at org.testng.TestRunner.run(TestRunner.java:602)
at org.testng.SuiteRunner.runTest(SuiteRunner.java:437)
at org.testng.SuiteRunner.runSequentially(SuiteRunner.java:431)
at org.testng.SuiteRunner.privateRun(SuiteRunner.java:391)
at org.testng.SuiteRunner.run(SuiteRunner.java:330)
at org.testng.SuiteRunnerWorker.runSuite(SuiteRunnerWorker.java:52)
at org.testng.SuiteRunnerWorker.run(SuiteRunnerWorker.java:95)
at org.testng.TestNG.runSuitesSequentially(TestNG.java:1256)
at org.testng.TestNG.runSuitesLocally(TestNG.java:1176)
at org.testng.TestNG.runSuites(TestNG.java:1099)
at org.testng.TestNG.run(TestNG.java:1067)
at org.testng.remote.AbstractRemoteTestNG.run(AbstractRemoteTestNG.java:115)
at org.testng.remote.RemoteTestNG.initAndRun(RemoteTestNG.java:293)
at org.testng.remote.RemoteTestNG.main(RemoteTestNG.java:91)
]]>
    </failure>
  </testcase> <!-- verifyVision -->
  <system-out>
    <![CDATA[Open the URL.:- https://scorecard.worldbank.org/en/home 
Assert that the VISION link is present.
Navigate to the Vision tab
Verify whether the line chart is displayed by default on the page for the Percentage of population living in poverty (at $2.15/day and $6.85/day)vision indicator]]>
  </system-out>
</testsuite> <!-- com.example.poc.VisionIndicatorTest -->
