<?xml version="1.0" encoding="UTF-8"?>
<!-- Generated by org.testng.reporters.JUnitReportReporter -->
<testsuite hostname="Sharadhas-MacBook-Pro.local" failures="0" tests="4" name="com.example.poc.test.VisionIndicatorTest" time="21.816" errors="0" timestamp="2025-04-06T01:33:47 EDT" skipped="2">
  <testcase classname="com.example.poc.test.VisionIndicatorTest" name="verifyVision" time="1.898"/>
  <system-out>
    <![CDATA[Open the URL.:- https://scorecard.worldbank.org/en/home
Assert that the VISION link is present.
Navigate to the Vision tab]]>
  </system-out>
  <testcase classname="com.example.poc.test.VisionIndicatorTest" name="verifyPovChart" time="19.918"/>
  <system-out>
    <![CDATA[Verify whether the line chart is displayed by default on the page for the Percentage of population living in poverty (at $2.15/day and $6.85/day)vision indicator
Assert that the Line Chart is present.
Verify tooltip present with the Excel
Read the tooltip
Postion :- x: 223 y: 28
Navigate to Vision Indicator Detail Page]]>
  </system-out>
  <testcase classname="com.example.poc.test.VisionIndicatorTest" name="verifyAvgIncome">
    <skipped/>
  </testcase> <!-- verifyAvgIncome -->
  <system-out/>
  <testcase classname="com.example.poc.test.VisionIndicatorTest" name="verifyHighIneq">
    <skipped/>
  </testcase> <!-- verifyHighIneq -->
  <system-out/>
</testsuite> <!-- com.example.poc.test.VisionIndicatorTest -->
